2023-01-05T14:12:19.998+05:00  INFO 9087 --- [main] com.example.YouTubeBackendApplication    : Starting YouTubeBackendApplication using Java 17.0.5 with PID 9087 (/home/javaDev/IdeaProjects/YouTube_Backend/target/classes started by javaDev in /home/javaDev/IdeaProjects/YouTube_Backend)
2023-01-05T14:12:20.043+05:00 DEBUG 9087 --- [main] com.example.YouTubeBackendApplication    : Running with Spring Boot v3.0.0, Spring v6.0.2
2023-01-05T14:12:20.048+05:00  INFO 9087 --- [main] com.example.YouTubeBackendApplication    : No active profile set, falling back to 1 default profile: "default"
2023-01-05T14:12:21.324+05:00  INFO 9087 --- [main] .s.d.r.c.RepositoryConfigurationDelegate : Bootstrapping Spring Data JPA repositories in DEFAULT mode.
2023-01-05T14:12:21.415+05:00  INFO 9087 --- [main] .s.d.r.c.RepositoryConfigurationDelegate : Finished Spring Data repository scanning in 83 ms. Found 7 JPA repository interfaces.
2023-01-05T14:12:22.088+05:00  INFO 9087 --- [main] o.s.b.w.embedded.tomcat.TomcatWebServer  : Tomcat initialized with port(s): 8080 (http)
2023-01-05T14:12:22.097+05:00  INFO 9087 --- [main] o.apache.catalina.core.StandardService   : Starting service [Tomcat]
2023-01-05T14:12:22.098+05:00  INFO 9087 --- [main] o.apache.catalina.core.StandardEngine    : Starting Servlet engine: [Apache Tomcat/10.1.1]
2023-01-05T14:12:22.194+05:00  INFO 9087 --- [main] o.a.c.c.C.[Tomcat].[localhost].[/]       : Initializing Spring embedded WebApplicationContext
2023-01-05T14:12:22.194+05:00  INFO 9087 --- [main] w.s.c.ServletWebServerApplicationContext : Root WebApplicationContext: initialization completed in 2064 ms
2023-01-05T14:12:22.335+05:00  INFO 9087 --- [main] o.hibernate.jpa.internal.util.LogHelper  : HHH000204: Processing PersistenceUnitInfo [name: default]
2023-01-05T14:12:22.381+05:00  INFO 9087 --- [main] org.hibernate.Version                    : HHH000412: Hibernate ORM core version 6.1.5.Final
2023-01-05T14:12:22.525+05:00  WARN 9087 --- [main] org.hibernate.orm.deprecation            : HHH90000021: Encountered deprecated setting [javax.persistence.sharedCache.mode], use [jakarta.persistence.sharedCache.mode] instead
2023-01-05T14:12:22.660+05:00  INFO 9087 --- [main] com.zaxxer.hikari.HikariDataSource       : HikariPool-1 - Starting...
2023-01-05T14:12:22.904+05:00  INFO 9087 --- [main] com.zaxxer.hikari.pool.HikariPool        : HikariPool-1 - Added connection org.postgresql.jdbc.PgConnection@7d64a960
2023-01-05T14:12:22.906+05:00  INFO 9087 --- [main] com.zaxxer.hikari.HikariDataSource       : HikariPool-1 - Start completed.
2023-01-05T14:12:22.996+05:00  INFO 9087 --- [main] SQL dialect                              : HHH000400: Using dialect: org.hibernate.dialect.PostgreSQLDialect
2023-01-05T14:12:24.059+05:00  INFO 9087 --- [main] o.h.e.t.j.p.i.JtaPlatformInitiator       : HHH000490: Using JtaPlatform implementation: [org.hibernate.engine.transaction.jta.platform.internal.NoJtaPlatform]
2023-01-05T14:12:24.066+05:00  INFO 9087 --- [main] j.LocalContainerEntityManagerFactoryBean : Initialized JPA EntityManagerFactory for persistence unit 'default'
2023-01-05T14:12:24.379+05:00  INFO 9087 --- [main] o.apache.catalina.core.StandardContext   : Suspicious URL pattern: [/profile/admin*] in context [], see sections 12.1 and 12.2 of the Servlet specification
2023-01-05T14:12:24.406+05:00 DEBUG 9087 --- [main] com.example.config.jwt.TokenFilter       : Filter 'tokenFilter' configured for use
2023-01-05T14:12:24.407+05:00 DEBUG 9087 --- [main] com.example.config.jwt.JwtFilter         : Filter 'jwtFilter' configured for use
2023-01-05T14:12:24.460+05:00  WARN 9087 --- [main] ConfigServletWebServerApplicationContext : Exception encountered during context initialization - cancelling refresh attempt: org.springframework.beans.factory.UnsatisfiedDependencyException: Error creating bean with name 'authController' defined in file [/home/javaDev/IdeaProjects/YouTube_Backend/target/classes/com/example/controller/AuthController.class]: Unsatisfied dependency expressed through constructor parameter 0: Error creating bean with name 'authService' defined in file [/home/javaDev/IdeaProjects/YouTube_Backend/target/classes/com/example/service/AuthService.class]: Unsatisfied dependency expressed through constructor parameter 2: Error creating bean with name 'emailHistoryService': Unsatisfied dependency expressed through field 'repository': Error creating bean with name 'emailHistoryRepository' defined in com.example.repository.EmailHistoryRepository defined in @EnableJpaRepositories declared on JpaRepositoriesRegistrar.EnableJpaRepositoriesConfiguration: Could not create query for public abstract long com.example.repository.EmailHistoryRepository.countByTo_emailAndCreatedDateBetween(java.lang.String,java.time.LocalDateTime,java.time.LocalDateTime); Reason: Failed to create query for method public abstract long com.example.repository.EmailHistoryRepository.countByTo_emailAndCreatedDateBetween(java.lang.String,java.time.LocalDateTime,java.time.LocalDateTime); No property 'to' found for type 'EmailHistoryEntity' Did you mean ''id''
2023-01-05T14:12:24.461+05:00  INFO 9087 --- [main] j.LocalContainerEntityManagerFactoryBean : Closing JPA EntityManagerFactory for persistence unit 'default'
2023-01-05T14:12:24.464+05:00  INFO 9087 --- [main] com.zaxxer.hikari.HikariDataSource       : HikariPool-1 - Shutdown initiated...
2023-01-05T14:12:24.487+05:00  INFO 9087 --- [main] com.zaxxer.hikari.HikariDataSource       : HikariPool-1 - Shutdown completed.
2023-01-05T14:12:24.489+05:00  INFO 9087 --- [main] o.apache.catalina.core.StandardService   : Stopping service [Tomcat]
2023-01-05T14:12:24.506+05:00  INFO 9087 --- [main] .s.b.a.l.ConditionEvaluationReportLogger : 

Error starting ApplicationContext. To display the condition evaluation report re-run your application with 'debug' enabled.
2023-01-05T14:12:24.526+05:00 ERROR 9087 --- [main] o.s.boot.SpringApplication               : Application run failed

org.springframework.beans.factory.UnsatisfiedDependencyException: Error creating bean with name 'authController' defined in file [/home/javaDev/IdeaProjects/YouTube_Backend/target/classes/com/example/controller/AuthController.class]: Unsatisfied dependency expressed through constructor parameter 0: Error creating bean with name 'authService' defined in file [/home/javaDev/IdeaProjects/YouTube_Backend/target/classes/com/example/service/AuthService.class]: Unsatisfied dependency expressed through constructor parameter 2: Error creating bean with name 'emailHistoryService': Unsatisfied dependency expressed through field 'repository': Error creating bean with name 'emailHistoryRepository' defined in com.example.repository.EmailHistoryRepository defined in @EnableJpaRepositories declared on JpaRepositoriesRegistrar.EnableJpaRepositoriesConfiguration: Could not create query for public abstract long com.example.repository.EmailHistoryRepository.countByTo_emailAndCreatedDateBetween(java.lang.String,java.time.LocalDateTime,java.time.LocalDateTime); Reason: Failed to create query for method public abstract long com.example.repository.EmailHistoryRepository.countByTo_emailAndCreatedDateBetween(java.lang.String,java.time.LocalDateTime,java.time.LocalDateTime); No property 'to' found for type 'EmailHistoryEntity' Did you mean ''id''
	at org.springframework.beans.factory.support.ConstructorResolver.createArgumentArray(ConstructorResolver.java:793) ~[spring-beans-6.0.2.jar:6.0.2]
	at org.springframework.beans.factory.support.ConstructorResolver.autowireConstructor(ConstructorResolver.java:242) ~[spring-beans-6.0.2.jar:6.0.2]
	at org.springframework.beans.factory.support.AbstractAutowireCapableBeanFactory.autowireConstructor(AbstractAutowireCapableBeanFactory.java:1344) ~[spring-beans-6.0.2.jar:6.0.2]
	at org.springframework.beans.factory.support.AbstractAutowireCapableBeanFactory.createBeanInstance(AbstractAutowireCapableBeanFactory.java:1188) ~[spring-beans-6.0.2.jar:6.0.2]
	at org.springframework.beans.factory.support.AbstractAutowireCapableBeanFactory.doCreateBean(AbstractAutowireCapableBeanFactory.java:561) ~[spring-beans-6.0.2.jar:6.0.2]
	at org.springframework.beans.factory.support.AbstractAutowireCapableBeanFactory.createBean(AbstractAutowireCapableBeanFactory.java:521) ~[spring-beans-6.0.2.jar:6.0.2]
	at org.springframework.beans.factory.support.AbstractBeanFactory.lambda$doGetBean$0(AbstractBeanFactory.java:326) ~[spring-beans-6.0.2.jar:6.0.2]
	at org.springframework.beans.factory.support.DefaultSingletonBeanRegistry.getSingleton(DefaultSingletonBeanRegistry.java:234) ~[spring-beans-6.0.2.jar:6.0.2]
	at org.springframework.beans.factory.support.AbstractBeanFactory.doGetBean(AbstractBeanFactory.java:324) ~[spring-beans-6.0.2.jar:6.0.2]
	at org.springframework.beans.factory.support.AbstractBeanFactory.getBean(AbstractBeanFactory.java:200) ~[spring-beans-6.0.2.jar:6.0.2]
	at org.springframework.beans.factory.support.DefaultListableBeanFactory.preInstantiateSingletons(DefaultListableBeanFactory.java:961) ~[spring-beans-6.0.2.jar:6.0.2]
	at org.springframework.context.support.AbstractApplicationContext.finishBeanFactoryInitialization(AbstractApplicationContext.java:915) ~[spring-context-6.0.2.jar:6.0.2]
	at org.springframework.context.support.AbstractApplicationContext.refresh(AbstractApplicationContext.java:584) ~[spring-context-6.0.2.jar:6.0.2]
	at org.springframework.boot.web.servlet.context.ServletWebServerApplicationContext.refresh(ServletWebServerApplicationContext.java:146) ~[spring-boot-3.0.0.jar:3.0.0]
	at org.springframework.boot.SpringApplication.refresh(SpringApplication.java:730) ~[spring-boot-3.0.0.jar:3.0.0]
	at org.springframework.boot.SpringApplication.refreshContext(SpringApplication.java:432) ~[spring-boot-3.0.0.jar:3.0.0]
	at org.springframework.boot.SpringApplication.run(SpringApplication.java:308) ~[spring-boot-3.0.0.jar:3.0.0]
	at org.springframework.boot.SpringApplication.run(SpringApplication.java:1302) ~[spring-boot-3.0.0.jar:3.0.0]
	at org.springframework.boot.SpringApplication.run(SpringApplication.java:1291) ~[spring-boot-3.0.0.jar:3.0.0]
	at com.example.YouTubeBackendApplication.main(YouTubeBackendApplication.java:10) ~[classes/:na]
Caused by: org.springframework.beans.factory.UnsatisfiedDependencyException: Error creating bean with name 'authService' defined in file [/home/javaDev/IdeaProjects/YouTube_Backend/target/classes/com/example/service/AuthService.class]: Unsatisfied dependency expressed through constructor parameter 2: Error creating bean with name 'emailHistoryService': Unsatisfied dependency expressed through field 'repository': Error creating bean with name 'emailHistoryRepository' defined in com.example.repository.EmailHistoryRepository defined in @EnableJpaRepositories declared on JpaRepositoriesRegistrar.EnableJpaRepositoriesConfiguration: Could not create query for public abstract long com.example.repository.EmailHistoryRepository.countByTo_emailAndCreatedDateBetween(java.lang.String,java.time.LocalDateTime,java.time.LocalDateTime); Reason: Failed to create query for method public abstract long com.example.repository.EmailHistoryRepository.countByTo_emailAndCreatedDateBetween(java.lang.String,java.time.LocalDateTime,java.time.LocalDateTime); No property 'to' found for type 'EmailHistoryEntity' Did you mean ''id''
	at org.springframework.beans.factory.support.ConstructorResolver.createArgumentArray(ConstructorResolver.java:793) ~[spring-beans-6.0.2.jar:6.0.2]
	at org.springframework.beans.factory.support.ConstructorResolver.autowireConstructor(ConstructorResolver.java:242) ~[spring-beans-6.0.2.jar:6.0.2]
	at org.springframework.beans.factory.support.AbstractAutowireCapableBeanFactory.autowireConstructor(AbstractAutowireCapableBeanFactory.java:1344) ~[spring-beans-6.0.2.jar:6.0.2]
	at org.springframework.beans.factory.support.AbstractAutowireCapableBeanFactory.createBeanInstance(AbstractAutowireCapableBeanFactory.java:1188) ~[spring-beans-6.0.2.jar:6.0.2]
	at org.springframework.beans.factory.support.AbstractAutowireCapableBeanFactory.doCreateBean(AbstractAutowireCapableBeanFactory.java:561) ~[spring-beans-6.0.2.jar:6.0.2]
	at org.springframework.beans.factory.support.AbstractAutowireCapableBeanFactory.createBean(AbstractAutowireCapableBeanFactory.java:521) ~[spring-beans-6.0.2.jar:6.0.2]
	at org.springframework.beans.factory.support.AbstractBeanFactory.lambda$doGetBean$0(AbstractBeanFactory.java:326) ~[spring-beans-6.0.2.jar:6.0.2]
	at org.springframework.beans.factory.support.DefaultSingletonBeanRegistry.getSingleton(DefaultSingletonBeanRegistry.java:234) ~[spring-beans-6.0.2.jar:6.0.2]
	at org.springframework.beans.factory.support.AbstractBeanFactory.doGetBean(AbstractBeanFactory.java:324) ~[spring-beans-6.0.2.jar:6.0.2]
	at org.springframework.beans.factory.support.AbstractBeanFactory.getBean(AbstractBeanFactory.java:200) ~[spring-beans-6.0.2.jar:6.0.2]
	at org.springframework.beans.factory.config.DependencyDescriptor.resolveCandidate(DependencyDescriptor.java:254) ~[spring-beans-6.0.2.jar:6.0.2]
	at org.springframework.beans.factory.support.DefaultListableBeanFactory.doResolveDependency(DefaultListableBeanFactory.java:1405) ~[spring-beans-6.0.2.jar:6.0.2]
	at org.springframework.beans.factory.support.DefaultListableBeanFactory.resolveDependency(DefaultListableBeanFactory.java:1325) ~[spring-beans-6.0.2.jar:6.0.2]
	at org.springframework.beans.factory.support.ConstructorResolver.resolveAutowiredArgument(ConstructorResolver.java:880) ~[spring-beans-6.0.2.jar:6.0.2]
	at org.springframework.beans.factory.support.ConstructorResolver.createArgumentArray(ConstructorResolver.java:784) ~[spring-beans-6.0.2.jar:6.0.2]
	... 19 common frames omitted
Caused by: org.springframework.beans.factory.UnsatisfiedDependencyException: Error creating bean with name 'emailHistoryService': Unsatisfied dependency expressed through field 'repository': Error creating bean with name 'emailHistoryRepository' defined in com.example.repository.EmailHistoryRepository defined in @EnableJpaRepositories declared on JpaRepositoriesRegistrar.EnableJpaRepositoriesConfiguration: Could not create query for public abstract long com.example.repository.EmailHistoryRepository.countByTo_emailAndCreatedDateBetween(java.lang.String,java.time.LocalDateTime,java.time.LocalDateTime); Reason: Failed to create query for method public abstract long com.example.repository.EmailHistoryRepository.countByTo_emailAndCreatedDateBetween(java.lang.String,java.time.LocalDateTime,java.time.LocalDateTime); No property 'to' found for type 'EmailHistoryEntity' Did you mean ''id''
	at org.springframework.beans.factory.annotation.AutowiredAnnotationBeanPostProcessor$AutowiredFieldElement.resolveFieldValue(AutowiredAnnotationBeanPostProcessor.java:712) ~[spring-beans-6.0.2.jar:6.0.2]
	at org.springframework.beans.factory.annotation.AutowiredAnnotationBeanPostProcessor$AutowiredFieldElement.inject(AutowiredAnnotationBeanPostProcessor.java:692) ~[spring-beans-6.0.2.jar:6.0.2]
	at org.springframework.beans.factory.annotation.InjectionMetadata.inject(InjectionMetadata.java:127) ~[spring-beans-6.0.2.jar:6.0.2]
	at org.springframework.beans.factory.annotation.AutowiredAnnotationBeanPostProcessor.postProcessProperties(AutowiredAnnotationBeanPostProcessor.java:481) ~[spring-beans-6.0.2.jar:6.0.2]
	at org.springframework.beans.factory.support.AbstractAutowireCapableBeanFactory.populateBean(AbstractAutowireCapableBeanFactory.java:1397) ~[spring-beans-6.0.2.jar:6.0.2]
	at org.springframework.beans.factory.support.AbstractAutowireCapableBeanFactory.doCreateBean(AbstractAutowireCapableBeanFactory.java:598) ~[spring-beans-6.0.2.jar:6.0.2]
	at org.springframework.beans.factory.support.AbstractAutowireCapableBeanFactory.createBean(AbstractAutowireCapableBeanFactory.java:521) ~[spring-beans-6.0.2.jar:6.0.2]
	at org.springframework.beans.factory.support.AbstractBeanFactory.lambda$doGetBean$0(AbstractBeanFactory.java:326) ~[spring-beans-6.0.2.jar:6.0.2]
	at org.springframework.beans.factory.support.DefaultSingletonBeanRegistry.getSingleton(DefaultSingletonBeanRegistry.java:234) ~[spring-beans-6.0.2.jar:6.0.2]
	at org.springframework.beans.factory.support.AbstractBeanFactory.doGetBean(AbstractBeanFactory.java:324) ~[spring-beans-6.0.2.jar:6.0.2]
	at org.springframework.beans.factory.support.AbstractBeanFactory.getBean(AbstractBeanFactory.java:200) ~[spring-beans-6.0.2.jar:6.0.2]
	at org.springframework.beans.factory.config.DependencyDescriptor.resolveCandidate(DependencyDescriptor.java:254) ~[spring-beans-6.0.2.jar:6.0.2]
	at org.springframework.beans.factory.support.DefaultListableBeanFactory.doResolveDependency(DefaultListableBeanFactory.java:1405) ~[spring-beans-6.0.2.jar:6.0.2]
	at org.springframework.beans.factory.support.DefaultListableBeanFactory.resolveDependency(DefaultListableBeanFactory.java:1325) ~[spring-beans-6.0.2.jar:6.0.2]
	at org.springframework.beans.factory.support.ConstructorResolver.resolveAutowiredArgument(ConstructorResolver.java:880) ~[spring-beans-6.0.2.jar:6.0.2]
	at org.springframework.beans.factory.support.ConstructorResolver.createArgumentArray(ConstructorResolver.java:784) ~[spring-beans-6.0.2.jar:6.0.2]
	... 33 common frames omitted
Caused by: org.springframework.beans.factory.BeanCreationException: Error creating bean with name 'emailHistoryRepository' defined in com.example.repository.EmailHistoryRepository defined in @EnableJpaRepositories declared on JpaRepositoriesRegistrar.EnableJpaRepositoriesConfiguration: Could not create query for public abstract long com.example.repository.EmailHistoryRepository.countByTo_emailAndCreatedDateBetween(java.lang.String,java.time.LocalDateTime,java.time.LocalDateTime); Reason: Failed to create query for method public abstract long com.example.repository.EmailHistoryRepository.countByTo_emailAndCreatedDateBetween(java.lang.String,java.time.LocalDateTime,java.time.LocalDateTime); No property 'to' found for type 'EmailHistoryEntity' Did you mean ''id''
	at org.springframework.beans.factory.support.AbstractAutowireCapableBeanFactory.initializeBean(AbstractAutowireCapableBeanFactory.java:1751) ~[spring-beans-6.0.2.jar:6.0.2]
	at org.springframework.beans.factory.support.AbstractAutowireCapableBeanFactory.doCreateBean(AbstractAutowireCapableBeanFactory.java:599) ~[spring-beans-6.0.2.jar:6.0.2]
	at org.springframework.beans.factory.support.AbstractAutowireCapableBeanFactory.createBean(AbstractAutowireCapableBeanFactory.java:521) ~[spring-beans-6.0.2.jar:6.0.2]
	at org.springframework.beans.factory.support.AbstractBeanFactory.lambda$doGetBean$0(AbstractBeanFactory.java:326) ~[spring-beans-6.0.2.jar:6.0.2]
	at org.springframework.beans.factory.support.DefaultSingletonBeanRegistry.getSingleton(DefaultSingletonBeanRegistry.java:234) ~[spring-beans-6.0.2.jar:6.0.2]
	at org.springframework.beans.factory.support.AbstractBeanFactory.doGetBean(AbstractBeanFactory.java:324) ~[spring-beans-6.0.2.jar:6.0.2]
	at org.springframework.beans.factory.support.AbstractBeanFactory.getBean(AbstractBeanFactory.java:200) ~[spring-beans-6.0.2.jar:6.0.2]
	at org.springframework.beans.factory.config.DependencyDescriptor.resolveCandidate(DependencyDescriptor.java:254) ~[spring-beans-6.0.2.jar:6.0.2]
	at org.springframework.beans.factory.support.DefaultListableBeanFactory.doResolveDependency(DefaultListableBeanFactory.java:1405) ~[spring-beans-6.0.2.jar:6.0.2]
	at org.springframework.beans.factory.support.DefaultListableBeanFactory.resolveDependency(DefaultListableBeanFactory.java:1325) ~[spring-beans-6.0.2.jar:6.0.2]
	at org.springframework.beans.factory.annotation.AutowiredAnnotationBeanPostProcessor$AutowiredFieldElement.resolveFieldValue(AutowiredAnnotationBeanPostProcessor.java:709) ~[spring-beans-6.0.2.jar:6.0.2]
	... 48 common frames omitted
Caused by: org.springframework.data.repository.query.QueryCreationException: Could not create query for public abstract long com.example.repository.EmailHistoryRepository.countByTo_emailAndCreatedDateBetween(java.lang.String,java.time.LocalDateTime,java.time.LocalDateTime); Reason: Failed to create query for method public abstract long com.example.repository.EmailHistoryRepository.countByTo_emailAndCreatedDateBetween(java.lang.String,java.time.LocalDateTime,java.time.LocalDateTime); No property 'to' found for type 'EmailHistoryEntity' Did you mean ''id''
	at org.springframework.data.repository.query.QueryCreationException.create(QueryCreationException.java:101) ~[spring-data-commons-3.0.0.jar:3.0.0]
	at org.springframework.data.repository.core.support.QueryExecutorMethodInterceptor.lookupQuery(QueryExecutorMethodInterceptor.java:115) ~[spring-data-commons-3.0.0.jar:3.0.0]
	at org.springframework.data.repository.core.support.QueryExecutorMethodInterceptor.mapMethodsToQuery(QueryExecutorMethodInterceptor.java:99) ~[spring-data-commons-3.0.0.jar:3.0.0]
	at org.springframework.data.repository.core.support.QueryExecutorMethodInterceptor.lambda$new$0(QueryExecutorMethodInterceptor.java:88) ~[spring-data-commons-3.0.0.jar:3.0.0]
	at java.base/java.util.Optional.map(Optional.java:260) ~[na:na]
	at org.springframework.data.repository.core.support.QueryExecutorMethodInterceptor.<init>(QueryExecutorMethodInterceptor.java:88) ~[spring-data-commons-3.0.0.jar:3.0.0]
	at org.springframework.data.repository.core.support.RepositoryFactorySupport.getRepository(RepositoryFactorySupport.java:357) ~[spring-data-commons-3.0.0.jar:3.0.0]
	at org.springframework.data.repository.core.support.RepositoryFactoryBeanSupport.lambda$afterPropertiesSet$5(RepositoryFactoryBeanSupport.java:279) ~[spring-data-commons-3.0.0.jar:3.0.0]
	at org.springframework.data.util.Lazy.getNullable(Lazy.java:229) ~[spring-data-commons-3.0.0.jar:3.0.0]
	at org.springframework.data.util.Lazy.get(Lazy.java:113) ~[spring-data-commons-3.0.0.jar:3.0.0]
	at org.springframework.data.repository.core.support.RepositoryFactoryBeanSupport.afterPropertiesSet(RepositoryFactoryBeanSupport.java:285) ~[spring-data-commons-3.0.0.jar:3.0.0]
	at org.springframework.data.jpa.repository.support.JpaRepositoryFactoryBean.afterPropertiesSet(JpaRepositoryFactoryBean.java:132) ~[spring-data-jpa-3.0.0.jar:3.0.0]
	at org.springframework.beans.factory.support.AbstractAutowireCapableBeanFactory.invokeInitMethods(AbstractAutowireCapableBeanFactory.java:1797) ~[spring-beans-6.0.2.jar:6.0.2]
	at org.springframework.beans.factory.support.AbstractAutowireCapableBeanFactory.initializeBean(AbstractAutowireCapableBeanFactory.java:1747) ~[spring-beans-6.0.2.jar:6.0.2]
	... 58 common frames omitted
Caused by: java.lang.IllegalArgumentException: Failed to create query for method public abstract long com.example.repository.EmailHistoryRepository.countByTo_emailAndCreatedDateBetween(java.lang.String,java.time.LocalDateTime,java.time.LocalDateTime); No property 'to' found for type 'EmailHistoryEntity' Did you mean ''id''
	at org.springframework.data.jpa.repository.query.PartTreeJpaQuery.<init>(PartTreeJpaQuery.java:96) ~[spring-data-jpa-3.0.0.jar:3.0.0]
	at org.springframework.data.jpa.repository.query.JpaQueryLookupStrategy$CreateQueryLookupStrategy.resolveQuery(JpaQueryLookupStrategy.java:124) ~[spring-data-jpa-3.0.0.jar:3.0.0]
	at org.springframework.data.jpa.repository.query.JpaQueryLookupStrategy$CreateIfNotFoundQueryLookupStrategy.resolveQuery(JpaQueryLookupStrategy.java:258) ~[spring-data-jpa-3.0.0.jar:3.0.0]
	at org.springframework.data.jpa.repository.query.JpaQueryLookupStrategy$AbstractQueryLookupStrategy.resolveQuery(JpaQueryLookupStrategy.java:95) ~[spring-data-jpa-3.0.0.jar:3.0.0]
	at org.springframework.data.repository.core.support.QueryExecutorMethodInterceptor.lookupQuery(QueryExecutorMethodInterceptor.java:111) ~[spring-data-commons-3.0.0.jar:3.0.0]
	... 70 common frames omitted
Caused by: org.springframework.data.mapping.PropertyReferenceException: No property 'to' found for type 'EmailHistoryEntity' Did you mean ''id''
	at org.springframework.data.mapping.PropertyPath.<init>(PropertyPath.java:90) ~[spring-data-commons-3.0.0.jar:3.0.0]
	at org.springframework.data.mapping.PropertyPath.create(PropertyPath.java:423) ~[spring-data-commons-3.0.0.jar:3.0.0]
	at org.springframework.data.mapping.PropertyPath.create(PropertyPath.java:399) ~[spring-data-commons-3.0.0.jar:3.0.0]
	at org.springframework.data.mapping.PropertyPath.lambda$from$0(PropertyPath.java:352) ~[spring-data-commons-3.0.0.jar:3.0.0]
	at java.base/java.util.concurrent.ConcurrentMap.computeIfAbsent(ConcurrentMap.java:330) ~[na:na]
	at org.springframework.data.mapping.PropertyPath.from(PropertyPath.java:334) ~[spring-data-commons-3.0.0.jar:3.0.0]
	at org.springframework.data.mapping.PropertyPath.from(PropertyPath.java:317) ~[spring-data-commons-3.0.0.jar:3.0.0]
	at org.springframework.data.repository.query.parser.Part.<init>(Part.java:81) ~[spring-data-commons-3.0.0.jar:3.0.0]
	at org.springframework.data.repository.query.parser.PartTree$OrPart.lambda$new$0(PartTree.java:242) ~[spring-data-commons-3.0.0.jar:3.0.0]
	at java.base/java.util.stream.ReferencePipeline$3$1.accept(ReferencePipeline.java:197) ~[na:na]
	at java.base/java.util.stream.ReferencePipeline$2$1.accept(ReferencePipeline.java:179) ~[na:na]
	at java.base/java.util.Spliterators$ArraySpliterator.forEachRemaining(Spliterators.java:992) ~[na:na]
	at java.base/java.util.stream.AbstractPipeline.copyInto(AbstractPipeline.java:509) ~[na:na]
	at java.base/java.util.stream.AbstractPipeline.wrapAndCopyInto(AbstractPipeline.java:499) ~[na:na]
	at java.base/java.util.stream.ReduceOps$ReduceOp.evaluateSequential(ReduceOps.java:921) ~[na:na]
	at java.base/java.util.stream.AbstractPipeline.evaluate(AbstractPipeline.java:234) ~[na:na]
	at java.base/java.util.stream.ReferencePipeline.collect(ReferencePipeline.java:682) ~[na:na]
	at org.springframework.data.repository.query.parser.PartTree$OrPart.<init>(PartTree.java:243) ~[spring-data-commons-3.0.0.jar:3.0.0]
	at org.springframework.data.repository.query.parser.PartTree$Predicate.lambda$new$0(PartTree.java:372) ~[spring-data-commons-3.0.0.jar:3.0.0]
	at java.base/java.util.stream.ReferencePipeline$3$1.accept(ReferencePipeline.java:197) ~[na:na]
	at java.base/java.util.stream.ReferencePipeline$2$1.accept(ReferencePipeline.java:179) ~[na:na]
	at java.base/java.util.Spliterators$ArraySpliterator.forEachRemaining(Spliterators.java:992) ~[na:na]
	at java.base/java.util.stream.AbstractPipeline.copyInto(AbstractPipeline.java:509) ~[na:na]
	at java.base/java.util.stream.AbstractPipeline.wrapAndCopyInto(AbstractPipeline.java:499) ~[na:na]
	at java.base/java.util.stream.ReduceOps$ReduceOp.evaluateSequential(ReduceOps.java:921) ~[na:na]
	at java.base/java.util.stream.AbstractPipeline.evaluate(AbstractPipeline.java:234) ~[na:na]
	at java.base/java.util.stream.ReferencePipeline.collect(ReferencePipeline.java:682) ~[na:na]
	at org.springframework.data.repository.query.parser.PartTree$Predicate.<init>(PartTree.java:373) ~[spring-data-commons-3.0.0.jar:3.0.0]
	at org.springframework.data.repository.query.parser.PartTree.<init>(PartTree.java:96) ~[spring-data-commons-3.0.0.jar:3.0.0]
	at org.springframework.data.jpa.repository.query.PartTreeJpaQuery.<init>(PartTreeJpaQuery.java:89) ~[spring-data-jpa-3.0.0.jar:3.0.0]
	... 74 common frames omitted

